[debug] [2023-04-05T11:35:33.661Z] ----------------------------------------------------------------------
[debug] [2023-04-05T11:35:33.664Z] Command:       /usr/local/bin/firebase /home/gitpod/.cache/firebase/tools/lib/node_modules/firebase-tools/lib/bin/firebase init hosting:github
[debug] [2023-04-05T11:35:33.665Z] CLI Version:   11.25.2
[debug] [2023-04-05T11:35:33.665Z] Platform:      linux
[debug] [2023-04-05T11:35:33.665Z] Node Version:  v16.16.0
[debug] [2023-04-05T11:35:33.666Z] Time:          Wed Apr 05 2023 11:35:33 GMT+0000 (Coordinated Universal Time)
[debug] [2023-04-05T11:35:33.666Z] ----------------------------------------------------------------------
[debug] 
[debug] [2023-04-05T11:35:33.745Z] > command requires scopes: ["email","openid","https://www.googleapis.com/auth/cloudplatformprojects.readonly","https://www.googleapis.com/auth/firebase","https://www.googleapis.com/auth/cloud-platform"]
[debug] [2023-04-05T11:35:33.746Z] > authorizing via signed-in user (grandparktutors@gmail.com)
[info] 
     ######## #### ########  ######## ########     ###     ######  ########
     ##        ##  ##     ## ##       ##     ##  ##   ##  ##       ##
     ######    ##  ########  ######   ########  #########  ######  ######
     ##        ##  ##    ##  ##       ##     ## ##     ##       ## ##
     ##       #### ##     ## ######## ########  ##     ##  ######  ########

You're about to initialize a Firebase project in this directory:

  /workspace/when-they-said

Before we get started, keep in mind:

  * You are currently outside your home directory
  * You are initializing within an existing Firebase project directory

[info] 
=== Project Setup
[info] 
[info] First, let's associate this project directory with a Firebase project.
[info] You can create multiple project aliases by running firebase use --add, 
[info] but for now we'll just set up a default project.
[info] 
[debug] [2023-04-05T11:35:33.750Z] Using project from CLI flag: grand-park-tutors
[debug] [2023-04-05T11:35:33.752Z] >>> [apiv2][query] GET https://firebase.googleapis.com/v1beta1/projects/grand-park-tutors [none]
[debug] [2023-04-05T11:35:33.941Z] <<< [apiv2][status] GET https://firebase.googleapis.com/v1beta1/projects/grand-park-tutors 200
[debug] [2023-04-05T11:35:33.942Z] <<< [apiv2][body] GET https://firebase.googleapis.com/v1beta1/projects/grand-park-tutors {"projectId":"grand-park-tutors","projectNumber":"1017324803738","displayName":"Grand Park Tutors","name":"projects/grand-park-tutors","resources":{"hostingSite":"grand-park-tutors"},"state":"ACTIVE","etag":"1_e3d21a3c-3d00-404d-8781-b82d20a1b65b"}
[info] i  Using project grand-park-tutors (Grand Park Tutors) 
[info] 
=== Hosting:github Setup
[info] 
[info] i  Detected a .git folder at /workspace/when-they-said 
[info] i  Authorizing with GitHub to upload your service account to a GitHub repository's secrets store. 
[info] 
[info] Visit this URL on this device to log in:
[info] https://github.com/login/oauth/authorize?client_id=89cf50f02ac6aaed3484&state=458207373&redirect_uri=http%3A%2F%2Flocalhost%3A9005&scope=read%3Auser%20repo%20public_repo
[info] 
[info] Waiting for authentication...
